[2026-05-12 00:42:02,216] INFO Reading configuration from: config/zookeeper.properties (org.apache.zookeeper.server.quorum.QuorumPeerConfig)
[2026-05-12 00:42:02,217] WARN config/zookeeper.properties is relative. Prepend ./ to indicate that you're sure! (org.apache.zookeeper.server.quorum.QuorumPeerConfig)
[2026-05-12 00:42:02,219] INFO clientPortAddress is 0.0.0.0:2181 (org.apache.zookeeper.server.quorum.QuorumPeerConfig)
[2026-05-12 00:42:02,219] INFO secureClientPort is not set (org.apache.zookeeper.server.quorum.QuorumPeerConfig)
[2026-05-12 00:42:02,219] INFO observerMasterPort is not set (org.apache.zookeeper.server.quorum.QuorumPeerConfig)
[2026-05-12 00:42:02,220] INFO metricsProvider.className is org.apache.zookeeper.metrics.impl.DefaultMetricsProvider (org.apache.zookeeper.server.quorum.QuorumPeerConfig)
[2026-05-12 00:42:02,221] INFO autopurge.snapRetainCount set to 3 (org.apache.zookeeper.server.DatadirCleanupManager)
[2026-05-12 00:42:02,221] INFO autopurge.purgeInterval set to 0 (org.apache.zookeeper.server.DatadirCleanupManager)
[2026-05-12 00:42:02,221] INFO Purge task is not scheduled. (org.apache.zookeeper.server.DatadirCleanupManager)
[2026-05-12 00:42:02,221] WARN Either no config or no quorum defined in config, running in standalone mode (org.apache.zookeeper.server.quorum.QuorumPeerMain)
[2026-05-12 00:42:02,222] INFO Log4j 1.2 jmx support not found; jmx disabled. (org.apache.zookeeper.jmx.ManagedUtil)
[2026-05-12 00:42:02,222] INFO Reading configuration from: config/zookeeper.properties (org.apache.zookeeper.server.quorum.QuorumPeerConfig)
[2026-05-12 00:42:02,222] WARN config/zookeeper.properties is relative. Prepend ./ to indicate that you're sure! (org.apache.zookeeper.server.quorum.QuorumPeerConfig)
[2026-05-12 00:42:02,222] INFO clientPortAddress is 0.0.0.0:2181 (org.apache.zookeeper.server.quorum.QuorumPeerConfig)
[2026-05-12 00:42:02,222] INFO secureClientPort is not set (org.apache.zookeeper.server.quorum.QuorumPeerConfig)
[2026-05-12 00:42:02,222] INFO observerMasterPort is not set (org.apache.zookeeper.server.quorum.QuorumPeerConfig)
[2026-05-12 00:42:02,222] INFO metricsProvider.className is org.apache.zookeeper.metrics.impl.DefaultMetricsProvider (org.apache.zookeeper.server.quorum.QuorumPeerConfig)
[2026-05-12 00:42:02,222] INFO Starting server (org.apache.zookeeper.server.ZooKeeperServerMain)
[2026-05-12 00:42:02,233] INFO ServerMetrics initialized with provider org.apache.zookeeper.metrics.impl.DefaultMetricsProvider@5afa04c (org.apache.zookeeper.server.ServerMetrics)
[2026-05-12 00:42:02,235] INFO ACL digest algorithm is: SHA1 (org.apache.zookeeper.server.auth.DigestAuthenticationProvider)
[2026-05-12 00:42:02,235] INFO zookeeper.DigestAuthenticationProvider.enabled = true (org.apache.zookeeper.server.auth.DigestAuthenticationProvider)
[2026-05-12 00:42:02,237] INFO zookeeper.snapshot.trust.empty : false (org.apache.zookeeper.server.persistence.FileTxnSnapLog)
[2026-05-12 00:42:02,243] INFO  (org.apache.zookeeper.server.ZooKeeperServer)
[2026-05-12 00:42:02,243] INFO   ______                  _                                           (org.apache.zookeeper.server.ZooKeeperServer)
[2026-05-12 00:42:02,243] INFO  |___  /                 | |                                          (org.apache.zookeeper.server.ZooKeeperServer)
[2026-05-12 00:42:02,243] INFO     / /    ___     ___   | | __   ___    ___   _ __     ___   _ __    (org.apache.zookeeper.server.ZooKeeperServer)
[2026-05-12 00:42:02,243] INFO    / /    / _ \   / _ \  | |/ /  / _ \  / _ \ | '_ \   / _ \ | '__| (org.apache.zookeeper.server.ZooKeeperServer)
[2026-05-12 00:42:02,243] INFO   / /__  | (_) | | (_) | |   <  |  __/ |  __/ | |_) | |  __/ | |     (org.apache.zookeeper.server.ZooKeeperServer)
[2026-05-12 00:42:02,243] INFO  /_____|  \___/   \___/  |_|\_\  \___|  \___| | .__/   \___| |_| (org.apache.zookeeper.server.ZooKeeperServer)
[2026-05-12 00:42:02,243] INFO                                               | |                      (org.apache.zookeeper.server.ZooKeeperServer)
[2026-05-12 00:42:02,243] INFO                                               |_|                      (org.apache.zookeeper.server.ZooKeeperServer)
[2026-05-12 00:42:02,243] INFO  (org.apache.zookeeper.server.ZooKeeperServer)
[2026-05-12 00:42:02,247] INFO Server environment:zookeeper.version=3.8.3-6ad6d364c7c0bcf0de452d54ebefa3058098ab56, built on 2023-10-05 10:34 UTC (org.apache.zookeeper.server.ZooKeeperServer)
[2026-05-12 00:42:02,247] INFO Server environment:host.name=zeyadsherif (org.apache.zookeeper.server.ZooKeeperServer)
[2026-05-12 00:42:02,247] INFO Server environment:java.version=1.8.0_482 (org.apache.zookeeper.server.ZooKeeperServer)
[2026-05-12 00:42:02,247] INFO Server environment:java.vendor=Private Build (org.apache.zookeeper.server.ZooKeeperServer)
[2026-05-12 00:42:02,247] INFO Server environment:java.home=/usr/lib/jvm/java-8-openjdk-arm64/jre (org.apache.zookeeper.server.ZooKeeperServer)
[2026-05-12 00:42:02,247] INFO Server environment:java.class.path=/home/hduser/kafka/bin/../libs/activation-1.1.1.jar:/home/hduser/kafka/bin/../libs/aopalliance-repackaged-2.6.1.jar:/home/hduser/kafka/bin/../libs/argparse4j-0.7.0.jar:/home/hduser/kafka/bin/../libs/audience-annotations-0.12.0.jar:/home/hduser/kafka/bin/../libs/caffeine-2.9.3.jar:/home/hduser/kafka/bin/../libs/checker-qual-3.19.0.jar:/home/hduser/kafka/bin/../libs/commons-beanutils-1.9.4.jar:/home/hduser/kafka/bin/../libs/commons-cli-1.4.jar:/home/hduser/kafka/bin/../libs/commons-collections-3.2.2.jar:/home/hduser/kafka/bin/../libs/commons-digester-2.1.jar:/home/hduser/kafka/bin/../libs/commons-io-2.11.0.jar:/home/hduser/kafka/bin/../libs/commons-lang3-3.8.1.jar:/home/hduser/kafka/bin/../libs/commons-logging-1.2.jar:/home/hduser/kafka/bin/../libs/commons-validator-1.7.jar:/home/hduser/kafka/bin/../libs/connect-api-3.7.0.jar:/home/hduser/kafka/bin/../libs/connect-basic-auth-extension-3.7.0.jar:/home/hduser/kafka/bin/../libs/connect-json-3.7.0.jar:/home/hduser/kafka/bin/../libs/connect-mirror-3.7.0.jar:/home/hduser/kafka/bin/../libs/connect-mirror-client-3.7.0.jar:/home/hduser/kafka/bin/../libs/connect-runtime-3.7.0.jar:/home/hduser/kafka/bin/../libs/connect-transforms-3.7.0.jar:/home/hduser/kafka/bin/../libs/error_prone_annotations-2.10.0.jar:/home/hduser/kafka/bin/../libs/hk2-api-2.6.1.jar:/home/hduser/kafka/bin/../libs/hk2-locator-2.6.1.jar:/home/hduser/kafka/bin/../libs/hk2-utils-2.6.1.jar:/home/hduser/kafka/bin/../libs/jackson-annotations-2.16.0.jar:/home/hduser/kafka/bin/../libs/jackson-core-2.16.0.jar:/home/hduser/kafka/bin/../libs/jackson-databind-2.16.0.jar:/home/hduser/kafka/bin/../libs/jackson-dataformat-csv-2.16.0.jar:/home/hduser/kafka/bin/../libs/jackson-datatype-jdk8-2.16.0.jar:/home/hduser/kafka/bin/../libs/jackson-jaxrs-base-2.16.0.jar:/home/hduser/kafka/bin/../libs/jackson-jaxrs-json-provider-2.16.0.jar:/home/hduser/kafka/bin/../libs/jackson-module-jaxb-annotations-2.16.0.jar:/home/hduser/kafka/bin/../libs/jackson-module-scala_2.12-2.16.0.jar:/home/hduser/kafka/bin/../libs/jakarta.activation-api-1.2.2.jar:/home/hduser/kafka/bin/../libs/jakarta.annotation-api-1.3.5.jar:/home/hduser/kafka/bin/../libs/jakarta.inject-2.6.1.jar:/home/hduser/kafka/bin/../libs/jakarta.validation-api-2.0.2.jar:/home/hduser/kafka/bin/../libs/jakarta.ws.rs-api-2.1.6.jar:/home/hduser/kafka/bin/../libs/jakarta.xml.bind-api-2.3.3.jar:/home/hduser/kafka/bin/../libs/javassist-3.29.2-GA.jar:/home/hduser/kafka/bin/../libs/javax.activation-api-1.2.0.jar:/home/hduser/kafka/bin/../libs/javax.annotation-api-1.3.2.jar:/home/hduser/kafka/bin/../libs/javax.servlet-api-3.1.0.jar:/home/hduser/kafka/bin/../libs/javax.ws.rs-api-2.1.1.jar:/home/hduser/kafka/bin/../libs/jaxb-api-2.3.1.jar:/home/hduser/kafka/bin/../libs/jersey-client-2.39.1.jar:/home/hduser/kafka/bin/../libs/jersey-common-2.39.1.jar:/home/hduser/kafka/bin/../libs/jersey-container-servlet-2.39.1.jar:/home/hduser/kafka/bin/../libs/jersey-container-servlet-core-2.39.1.jar:/home/hduser/kafka/bin/../libs/jersey-hk2-2.39.1.jar:/home/hduser/kafka/bin/../libs/jersey-server-2.39.1.jar:/home/hduser/kafka/bin/../libs/jetty-client-9.4.53.v20231009.jar:/home/hduser/kafka/bin/../libs/jetty-continuation-9.4.53.v20231009.jar:/home/hduser/kafka/bin/../libs/jetty-http-9.4.53.v20231009.jar:/home/hduser/kafka/bin/../libs/jetty-io-9.4.53.v20231009.jar:/home/hduser/kafka/bin/../libs/jetty-security-9.4.53.v20231009.jar:/home/hduser/kafka/bin/../libs/jetty-server-9.4.53.v20231009.jar:/home/hduser/kafka/bin/../libs/jetty-servlet-9.4.53.v20231009.jar:/home/hduser/kafka/bin/../libs/jetty-servlets-9.4.53.v20231009.jar:/home/hduser/kafka/bin/../libs/jetty-util-9.4.53.v20231009.jar:/home/hduser/kafka/bin/../libs/jetty-util-ajax-9.4.53.v20231009.jar:/home/hduser/kafka/bin/../libs/jline-3.22.0.jar:/home/hduser/kafka/bin/../libs/jopt-simple-5.0.4.jar:/home/hduser/kafka/bin/../libs/jose4j-0.9.4.jar:/home/hduser/kafka/bin/../libs/jsr305-3.0.2.jar:/home/hduser/kafka/bin/../libs/kafka_2.12-3.7.0.jar:/home/hduser/kafka/bin/../libs/kafka-clients-3.7.0.jar:/home/hduser/kafka/bin/../libs/kafka-group-coordinator-3.7.0.jar:/home/hduser/kafka/bin/../libs/kafka-log4j-appender-3.7.0.jar:/home/hduser/kafka/bin/../libs/kafka-metadata-3.7.0.jar:/home/hduser/kafka/bin/../libs/kafka-raft-3.7.0.jar:/home/hduser/kafka/bin/../libs/kafka-server-3.7.0.jar:/home/hduser/kafka/bin/../libs/kafka-server-common-3.7.0.jar:/home/hduser/kafka/bin/../libs/kafka-shell-3.7.0.jar:/home/hduser/kafka/bin/../libs/kafka-storage-3.7.0.jar:/home/hduser/kafka/bin/../libs/kafka-storage-api-3.7.0.jar:/home/hduser/kafka/bin/../libs/kafka-streams-3.7.0.jar:/home/hduser/kafka/bin/../libs/kafka-streams-examples-3.7.0.jar:/home/hduser/kafka/bin/../libs/kafka-streams-scala_2.12-3.7.0.jar:/home/hduser/kafka/bin/../libs/kafka-streams-test-utils-3.7.0.jar:/home/hduser/kafka/bin/../libs/kafka-tools-3.7.0.jar:/home/hduser/kafka/bin/../libs/kafka-tools-api-3.7.0.jar:/home/hduser/kafka/bin/../libs/lz4-java-1.8.0.jar:/home/hduser/kafka/bin/../libs/maven-artifact-3.8.8.jar:/home/hduser/kafka/bin/../libs/metrics-core-2.2.0.jar:/home/hduser/kafka/bin/../libs/metrics-core-4.1.12.1.jar:/home/hduser/kafka/bin/../libs/netty-buffer-4.1.100.Final.jar:/home/hduser/kafka/bin/../libs/netty-codec-4.1.100.Final.jar:/home/hduser/kafka/bin/../libs/netty-common-4.1.100.Final.jar:/home/hduser/kafka/bin/../libs/netty-handler-4.1.100.Final.jar:/home/hduser/kafka/bin/../libs/netty-resolver-4.1.100.Final.jar:/home/hduser/kafka/bin/../libs/netty-transport-4.1.100.Final.jar:/home/hduser/kafka/bin/../libs/netty-transport-classes-epoll-4.1.100.Final.jar:/home/hduser/kafka/bin/../libs/netty-transport-native-epoll-4.1.100.Final.jar:/home/hduser/kafka/bin/../libs/netty-transport-native-unix-common-4.1.100.Final.jar:/home/hduser/kafka/bin/../libs/opentelemetry-proto-1.0.0-alpha.jar:/home/hduser/kafka/bin/../libs/osgi-resource-locator-1.0.3.jar:/home/hduser/kafka/bin/../libs/paranamer-2.8.jar:/home/hduser/kafka/bin/../libs/pcollections-4.0.1.jar:/home/hduser/kafka/bin/../libs/plexus-utils-3.3.1.jar:/home/hduser/kafka/bin/../libs/protobuf-java-3.23.4.jar:/home/hduser/kafka/bin/../libs/reflections-0.10.2.jar:/home/hduser/kafka/bin/../libs/reload4j-1.2.25.jar:/home/hduser/kafka/bin/../libs/rocksdbjni-7.9.2.jar:/home/hduser/kafka/bin/../libs/scala-collection-compat_2.12-2.10.0.jar:/home/hduser/kafka/bin/../libs/scala-java8-compat_2.12-1.0.2.jar:/home/hduser/kafka/bin/../libs/scala-library-2.12.18.jar:/home/hduser/kafka/bin/../libs/scala-logging_2.12-3.9.4.jar:/home/hduser/kafka/bin/../libs/scala-reflect-2.12.18.jar:/home/hduser/kafka/bin/../libs/slf4j-api-1.7.36.jar:/home/hduser/kafka/bin/../libs/slf4j-reload4j-1.7.36.jar:/home/hduser/kafka/bin/../libs/snappy-java-1.1.10.5.jar:/home/hduser/kafka/bin/../libs/swagger-annotations-2.2.8.jar:/home/hduser/kafka/bin/../libs/trogdor-3.7.0.jar:/home/hduser/kafka/bin/../libs/zookeeper-3.8.3.jar:/home/hduser/kafka/bin/../libs/zookeeper-jute-3.8.3.jar:/home/hduser/kafka/bin/../libs/zstd-jni-1.5.5-6.jar (org.apache.zookeeper.server.ZooKeeperServer)
[2026-05-12 00:42:02,247] INFO Server environment:java.library.path=/usr/java/packages/lib/aarch64:/usr/lib/aarch64-linux-gnu/jni:/lib/aarch64-linux-gnu:/usr/lib/aarch64-linux-gnu:/usr/lib/jni:/lib:/usr/lib (org.apache.zookeeper.server.ZooKeeperServer)
[2026-05-12 00:42:02,247] INFO Server environment:java.io.tmpdir=/tmp (org.apache.zookeeper.server.ZooKeeperServer)
[2026-05-12 00:42:02,247] INFO Server environment:java.compiler=<NA> (org.apache.zookeeper.server.ZooKeeperServer)
[2026-05-12 00:42:02,247] INFO Server environment:os.name=Linux (org.apache.zookeeper.server.ZooKeeperServer)
[2026-05-12 00:42:02,247] INFO Server environment:os.arch=aarch64 (org.apache.zookeeper.server.ZooKeeperServer)
[2026-05-12 00:42:02,247] INFO Server environment:os.version=6.17.0-20-generic (org.apache.zookeeper.server.ZooKeeperServer)
[2026-05-12 00:42:02,247] INFO Server environment:user.name=hduser (org.apache.zookeeper.server.ZooKeeperServer)
[2026-05-12 00:42:02,247] INFO Server environment:user.home=/home/hduser (org.apache.zookeeper.server.ZooKeeperServer)
[2026-05-12 00:42:02,247] INFO Server environment:user.dir=/home/hduser/kafka (org.apache.zookeeper.server.ZooKeeperServer)
[2026-05-12 00:42:02,247] INFO Server environment:os.memory.free=490MB (org.apache.zookeeper.server.ZooKeeperServer)
[2026-05-12 00:42:02,247] INFO Server environment:os.memory.max=512MB (org.apache.zookeeper.server.ZooKeeperServer)
[2026-05-12 00:42:02,247] INFO Server environment:os.memory.total=512MB (org.apache.zookeeper.server.ZooKeeperServer)
[2026-05-12 00:42:02,247] INFO zookeeper.enableEagerACLCheck = false (org.apache.zookeeper.server.ZooKeeperServer)
[2026-05-12 00:42:02,247] INFO zookeeper.digest.enabled = true (org.apache.zookeeper.server.ZooKeeperServer)
[2026-05-12 00:42:02,247] INFO zookeeper.closeSessionTxn.enabled = true (org.apache.zookeeper.server.ZooKeeperServer)
[2026-05-12 00:42:02,247] INFO zookeeper.flushDelay = 0 ms (org.apache.zookeeper.server.ZooKeeperServer)
[2026-05-12 00:42:02,247] INFO zookeeper.maxWriteQueuePollTime = 0 ms (org.apache.zookeeper.server.ZooKeeperServer)
[2026-05-12 00:42:02,247] INFO zookeeper.maxBatchSize=1000 (org.apache.zookeeper.server.ZooKeeperServer)
[2026-05-12 00:42:02,247] INFO zookeeper.intBufferStartingSizeBytes = 1024 (org.apache.zookeeper.server.ZooKeeperServer)
[2026-05-12 00:42:02,248] INFO Weighed connection throttling is disabled (org.apache.zookeeper.server.BlueThrottle)
[2026-05-12 00:42:02,250] INFO minSessionTimeout set to 6000 ms (org.apache.zookeeper.server.ZooKeeperServer)
[2026-05-12 00:42:02,250] INFO maxSessionTimeout set to 60000 ms (org.apache.zookeeper.server.ZooKeeperServer)
[2026-05-12 00:42:02,250] INFO getData response cache size is initialized with value 400. (org.apache.zookeeper.server.ResponseCache)
[2026-05-12 00:42:02,250] INFO getChildren response cache size is initialized with value 400. (org.apache.zookeeper.server.ResponseCache)
[2026-05-12 00:42:02,251] INFO zookeeper.pathStats.slotCapacity = 60 (org.apache.zookeeper.server.util.RequestPathMetricsCollector)
[2026-05-12 00:42:02,251] INFO zookeeper.pathStats.slotDuration = 15 (org.apache.zookeeper.server.util.RequestPathMetricsCollector)
[2026-05-12 00:42:02,251] INFO zookeeper.pathStats.maxDepth = 6 (org.apache.zookeeper.server.util.RequestPathMetricsCollector)
[2026-05-12 00:42:02,251] INFO zookeeper.pathStats.initialDelay = 5 (org.apache.zookeeper.server.util.RequestPathMetricsCollector)
[2026-05-12 00:42:02,251] INFO zookeeper.pathStats.delay = 5 (org.apache.zookeeper.server.util.RequestPathMetricsCollector)
[2026-05-12 00:42:02,251] INFO zookeeper.pathStats.enabled = false (org.apache.zookeeper.server.util.RequestPathMetricsCollector)
[2026-05-12 00:42:02,253] INFO The max bytes for all large requests are set to 104857600 (org.apache.zookeeper.server.ZooKeeperServer)
[2026-05-12 00:42:02,253] INFO The large request threshold is set to -1 (org.apache.zookeeper.server.ZooKeeperServer)
[2026-05-12 00:42:02,253] INFO zookeeper.enforce.auth.enabled = false (org.apache.zookeeper.server.AuthenticationHelper)
[2026-05-12 00:42:02,253] INFO zookeeper.enforce.auth.schemes = [] (org.apache.zookeeper.server.AuthenticationHelper)
[2026-05-12 00:42:02,253] INFO Created server with tickTime 3000 ms minSessionTimeout 6000 ms maxSessionTimeout 60000 ms clientPortListenBacklog -1 datadir /tmp/zookeeper/version-2 snapdir /tmp/zookeeper/version-2 (org.apache.zookeeper.server.ZooKeeperServer)
[2026-05-12 00:42:02,257] INFO Using org.apache.zookeeper.server.NIOServerCnxnFactory as server connection factory (org.apache.zookeeper.server.ServerCnxnFactory)
[2026-05-12 00:42:02,258] WARN maxCnxns is not configured, using default value 0. (org.apache.zookeeper.server.ServerCnxnFactory)
[2026-05-12 00:42:02,259] INFO Configuring NIO connection handler with 10s sessionless connection timeout, 1 selector thread(s), 8 worker threads, and 64 kB direct buffers. (org.apache.zookeeper.server.NIOServerCnxnFactory)
[2026-05-12 00:42:02,265] INFO binding to port 0.0.0.0/0.0.0.0:2181 (org.apache.zookeeper.server.NIOServerCnxnFactory)
[2026-05-12 00:42:02,280] INFO Using org.apache.zookeeper.server.watch.WatchManager as watch manager (org.apache.zookeeper.server.watch.WatchManagerFactory)
[2026-05-12 00:42:02,280] INFO Using org.apache.zookeeper.server.watch.WatchManager as watch manager (org.apache.zookeeper.server.watch.WatchManagerFactory)
[2026-05-12 00:42:02,280] INFO zookeeper.snapshotSizeFactor = 0.33 (org.apache.zookeeper.server.ZKDatabase)
[2026-05-12 00:42:02,280] INFO zookeeper.commitLogCount=500 (org.apache.zookeeper.server.ZKDatabase)
[2026-05-12 00:42:02,284] INFO zookeeper.snapshot.compression.method = CHECKED (org.apache.zookeeper.server.persistence.SnapStream)
[2026-05-12 00:42:02,284] INFO Snapshotting: 0x0 to /tmp/zookeeper/version-2/snapshot.0 (org.apache.zookeeper.server.persistence.FileTxnSnapLog)
[2026-05-12 00:42:02,285] INFO Snapshot loaded in 5 ms, highest zxid is 0x0, digest is 1371985504 (org.apache.zookeeper.server.ZKDatabase)
[2026-05-12 00:42:02,286] INFO Snapshotting: 0x0 to /tmp/zookeeper/version-2/snapshot.0 (org.apache.zookeeper.server.persistence.FileTxnSnapLog)
[2026-05-12 00:42:02,286] INFO Snapshot taken in 0 ms (org.apache.zookeeper.server.ZooKeeperServer)
[2026-05-12 00:42:02,293] INFO PrepRequestProcessor (sid:0) started, reconfigEnabled=false (org.apache.zookeeper.server.PrepRequestProcessor)
[2026-05-12 00:42:02,293] INFO zookeeper.request_throttler.shutdownTimeout = 10000 ms (org.apache.zookeeper.server.RequestThrottler)
[2026-05-12 00:42:02,304] INFO Using checkIntervalMs=60000 maxPerMinute=10000 maxNeverUsedIntervalMs=0 (org.apache.zookeeper.server.ContainerManager)
[2026-05-12 00:42:02,304] INFO ZooKeeper audit is disabled. (org.apache.zookeeper.audit.ZKAuditProvider)
[2026-05-12 00:42:09,687] INFO Creating new log file: log.1 (org.apache.zookeeper.server.persistence.FileTxnLog)
